Filename: D:\dev\Awesome_Python_Coding\memory profiling\main.py

Line #    Mem usage    Increment  Occurrences   Line Contents
=============================================================
     6     50.9 MiB     50.9 MiB           1   @profile(stream=log_file)
     7                                         def myfunction(list_size):
     8     51.7 MiB      0.8 MiB           1       mylist = ['hello'] * list_size
     9     52.4 MiB      0.8 MiB           1       mylist2 = ['world'] * list_size
    10     52.4 MiB      0.0 MiB           1       del mylist2
    11     52.4 MiB      0.0 MiB           1       return mylist


Filename: D:\dev\Awesome_Python_Coding\memory profiling\main.py

Line #    Mem usage    Increment  Occurrences   Line Contents
=============================================================
     6     50.9 MiB     50.9 MiB           1   @profile(stream=log_file)
     7                                         def myfunction(list_size):
     8     58.6 MiB      7.6 MiB           1       mylist = ['hello'] * list_size
     9     66.2 MiB      7.6 MiB           1       mylist2 = ['world'] * list_size
    10     58.6 MiB     -7.6 MiB           1       del mylist2
    11     58.6 MiB      0.0 MiB           1       return mylist


Filename: D:\dev\Awesome_Python_Coding\memory profiling\main.py

Line #    Mem usage    Increment  Occurrences   Line Contents
=============================================================
     6     50.9 MiB     50.9 MiB           1   @profile(stream=log_file)
     7                                         def myfunction(list_size):
     8    127.2 MiB     76.3 MiB           1       mylist = ['hello'] * list_size
     9    203.5 MiB     76.3 MiB           1       mylist2 = ['world'] * list_size
    10    127.2 MiB    -76.3 MiB           1       del mylist2
    11    127.2 MiB      0.0 MiB           1       return mylist


